#
# There is insufficient memory for the Java Runtime Environment to continue.
# Native memory allocation (malloc) failed to allocate 1048576 bytes for AllocateHeap
# Possible reasons:
#   The system is out of physical RAM or swap space
#   The process is running with CompressedOops enabled, and the Java Heap may be blocking the growth of the native heap
# Possible solutions:
#   Reduce memory load on the system
#   Increase physical memory or swap space
#   Check if swap backing store is full
#   Decrease Java heap size (-Xmx/-Xms)
#   Decrease number of Java threads
#   Decrease Java thread stack sizes (-Xss)
#   Set larger code cache with -XX:ReservedCodeCacheSize=
#   JVM is running with Zero Based Compressed Oops mode in which the Java heap is
#     placed in the first 32GB address space. The Java Heap base address is the
#     maximum limit for the native heap growth. Please use -XX:HeapBaseMinAddress
#     to set the Java Heap base and to place the Java Heap above 32GB virtual address.
# This output file may be truncated or incomplete.
#
#  Out of Memory Error (memory/allocation.inline.hpp:61), pid=5824, tid=0x0000000000007cc0
#
# JRE version:  (8.0_351-b10) (build )
# Java VM: Java HotSpot(TM) 64-Bit Server VM (25.351-b10 mixed mode windows-amd64 compressed oops)
# Failed to write core dump. Minidumps are not enabled by default on client versions of Windows
#

---------------  T H R E A D  ---------------

Current thread (0x0000026d83374000):  JavaThread "Unknown thread" [_thread_in_vm, id=31936, stack(0x000000f2f1100000,0x000000f2f1200000)]

Stack: [0x000000f2f1100000,0x000000f2f1200000]
Native frames: (J=compiled Java code, j=interpreted, Vv=VM code, C=native code)
V  [jvm.dll+0x3300b9]
V  [jvm.dll+0x276632]
V  [jvm.dll+0x2772dd]
V  [jvm.dll+0x26dc85]
V  [jvm.dll+0x509d]
V  [jvm.dll+0x3caa0d]
V  [jvm.dll+0x3cb78a]
V  [jvm.dll+0x3c7717]
V  [jvm.dll+0xfd01f]
V  [jvm.dll+0x20af3b]
V  [jvm.dll+0x239a77]
V  [jvm.dll+0x162b46]
C  [javaw.exe+0x2322]
C  [javaw.exe+0x16544]
C  [KERNEL32.DLL+0x17344]
C  [ntdll.dll+0x526b1]


---------------  P R O C E S S  ---------------

Java Threads: ( => current thread )

Other Threads:

=>0x0000026d83374000 (exited) JavaThread "Unknown thread" [_thread_in_vm, id=31936, stack(0x000000f2f1100000,0x000000f2f1200000)]

VM state:not at safepoint (normal execution)

VM Mutex/Monitor currently owned by a thread: None

heap address: 0x00000006c5a00000, size: 4006 MB, Compressed Oops mode: Zero based, Oop shift amount: 3
Narrow klass base: 0x0000000000000000, Narrow klass shift: 3
Compressed class space size: 1073741824 Address: 0x00000007c0000000

Heap:
 PSYoungGen      total 75264K, used 1290K [0x000000076c900000, 0x0000000771d00000, 0x00000007c0000000)
  eden space 64512K, 2% used [0x000000076c900000,0x000000076ca42900,0x0000000770800000)
  from space 10752K, 0% used [0x0000000771280000,0x0000000771280000,0x0000000771d00000)
  to   space 10752K, 0% used [0x0000000770800000,0x0000000770800000,0x0000000771280000)
 ParOldGen       total 172032K, used 0K [0x00000006c5a00000, 0x00000006d0200000, 0x000000076c900000)
  object space 172032K, 0% used [0x00000006c5a00000,0x00000006c5a00000,0x00000006d0200000)
 Metaspace       used 775K, capacity 4480K, committed 4480K, reserved 1056768K
  class space    used 76K, capacity 384K, committed 384K, reserved 1048576K

Card table byte_map: [0x0000026d942c0000,0x0000026d94aa0000] byte_map_base: 0x0000026d90c93000

Marking Bits: (ParMarkBitMap*) 0x0000000068d28fd0
 Begin Bits: [0x0000026d94fe0000, 0x0000026d98e78000)
 End Bits:   [0x0000026d98e78000, 0x0000026d9cd10000)

Polling page: 0x0000026d834b0000

CodeCache: size=245760Kb used=329Kb max_used=329Kb free=245430Kb
 bounds [0x0000026d84f00000, 0x0000026d85170000, 0x0000026d93f00000]
 total_blobs=58 nmethods=0 adapters=38
 compilation: enabled

Compilation events (0 events):
No events

GC Heap History (0 events):
No events

Deoptimization events (0 events):
No events

Classes redefined (0 events):
No events

Internal exceptions (0 events):
No events

Events (10 events):
Event: 0.041 loading class java/lang/Short
Event: 0.041 loading class java/lang/Short done
Event: 0.041 loading class java/lang/Integer
Event: 0.041 loading class java/lang/Integer done
Event: 0.041 loading class java/lang/Long
Event: 0.041 loading class java/lang/Long done
Event: 0.042 loading class java/lang/NullPointerException
Event: 0.042 loading class java/lang/NullPointerException done
Event: 0.042 loading class java/lang/ArithmeticException
Event: 0.042 loading class java/lang/ArithmeticException done


Dynamic libraries:
0x00007ff61eb00000 - 0x00007ff61eb47000 	C:\Program Files\Java\jdk1.8.0_351\bin\javaw.exe
0x00007ffed20b0000 - 0x00007ffed22a8000 	C:\Windows\SYSTEM32\ntdll.dll
0x00007ffed0c60000 - 0x00007ffed0d1d000 	C:\Windows\System32\KERNEL32.DLL
0x00007ffecf800000 - 0x00007ffecfaf6000 	C:\Windows\System32\KERNELBASE.dll
0x00007ffecf400000 - 0x00007ffecf520000 	C:\Windows\system32\hmpalert.dll
0x00007ffed1c30000 - 0x00007ffed1ce0000 	C:\Windows\System32\ADVAPI32.dll
0x00007ffed0e60000 - 0x00007ffed0efe000 	C:\Windows\System32\msvcrt.dll
0x00007ffed1d00000 - 0x00007ffed1da0000 	C:\Windows\System32\sechost.dll
0x00007ffed0a50000 - 0x00007ffed0b73000 	C:\Windows\System32\RPCRT4.dll
0x00007ffecfd10000 - 0x00007ffecfd37000 	C:\Windows\System32\bcrypt.dll
0x00007ffed1120000 - 0x00007ffed12bf000 	C:\Windows\System32\USER32.dll
0x00007ffecfce0000 - 0x00007ffecfd02000 	C:\Windows\System32\win32u.dll
0x00007ffed00e0000 - 0x00007ffed010b000 	C:\Windows\System32\GDI32.dll
0x00007ffecfd40000 - 0x00007ffecfe57000 	C:\Windows\System32\gdi32full.dll
0x00007ffecf760000 - 0x00007ffecf7fd000 	C:\Windows\System32\msvcp_win.dll
0x00007ffecfbe0000 - 0x00007ffecfce0000 	C:\Windows\System32\ucrtbase.dll
0x00007ffec1ea0000 - 0x00007ffec213a000 	C:\Windows\WinSxS\amd64_microsoft.windows.common-controls_6595b64144ccf1df_6.0.19041.4355_none_60b8b9eb71f62e16\COMCTL32.dll
0x00007ffed0db0000 - 0x00007ffed0de2000 	C:\Windows\System32\IMM32.DLL
0x00007ffec8440000 - 0x00007ffec8455000 	C:\Program Files\Java\jdk1.8.0_351\jre\bin\vcruntime140.dll
0x00007ffeb2180000 - 0x00007ffeb221b000 	C:\Program Files\Java\jdk1.8.0_351\jre\bin\msvcp140.dll
0x0000000068540000 - 0x0000000068da1000 	C:\Program Files\Java\jdk1.8.0_351\jre\bin\server\jvm.dll
0x00007ffed1c20000 - 0x00007ffed1c28000 	C:\Windows\System32\PSAPI.DLL
0x00007ffec0df0000 - 0x00007ffec0e17000 	C:\Windows\SYSTEM32\WINMM.dll
0x00007ffecb250000 - 0x00007ffecb25a000 	C:\Windows\SYSTEM32\VERSION.dll
0x00007ffebd7a0000 - 0x00007ffebd7a9000 	C:\Windows\SYSTEM32\WSOCK32.dll
0x00007ffed0df0000 - 0x00007ffed0e5b000 	C:\Windows\System32\WS2_32.dll
0x00007ffecde50000 - 0x00007ffecde62000 	C:\Windows\SYSTEM32\kernel.appcore.dll
0x00007ffecb460000 - 0x00007ffecb470000 	C:\Program Files\Java\jdk1.8.0_351\jre\bin\verify.dll
0x00007ffeb2a50000 - 0x00007ffeb2a7b000 	C:\Program Files\Java\jdk1.8.0_351\jre\bin\java.dll
0x00007ffec7f40000 - 0x00007ffec7f58000 	C:\Program Files\Java\jdk1.8.0_351\jre\bin\zip.dll
0x00007ffecdb50000 - 0x00007ffecdd34000 	C:\Windows\SYSTEM32\dbghelp.dll
0x00007ffecfb50000 - 0x00007ffecfbd2000 	C:\Windows\System32\bcryptPrimitives.dll

VM Arguments:
jvm_args: -Dmaven.home=EMBEDDED -Dclassworlds.conf=D:\backend_code\.metadata\.plugins\org.eclipse.m2e.launching\launches\m2conf15742165296080815263.tmp -Dmaven.multiModuleProjectDirectory=D:\backend_code\telco-summary-manager -Dfile.encoding=UTF-8 
java_command: org.codehaus.plexus.classworlds.launcher.Launcher -B -Dstyle.color=always install
java_class_path (initial): C:\Users\Dell\.p2\pool\plugins\org.eclipse.m2e.maven.runtime_3.8.601.20220820-1147\jars\plexus-classworlds-2.6.0.jar
Launcher Type: SUN_STANDARD

Environment Variables:
JAVA_HOME=C:\Program Files\Java\jdk1.8.0_351\
PATH=C:/Program Files/Java/jdk-19/bin/server;C:/Program Files/Java/jdk-19/bin;C:\Program Files\Java\jdk1.8.0_351\bin;C:\Program Files\Java\jdk1.8.0_351\bin;C:\Program Files\apache-maven-3.8.6-bin\apache-maven-3.8.6\bin;C:\Program Files\Common Files\Oracle\Java\javapath;C:\Program Files (x86)\Common Files\Oracle\Java\javapath;C:\Windows\system32;C:\Windows;C:\Windows\System32\Wbem;C:\Windows\System32\WindowsPowerShell\v1.0\;C:\Windows\System32\OpenSSH\;C:\Program Files\dotnet\;C:\Program Files\PuTTY\;C:\Program Files (x86)\NVIDIA Corporation\PhysX\Common;C:\Program Files (x86)\Intel\Intel(R) Management Engine Components\DAL;C:\Program Files\Intel\Intel(R) Management Engine Components\DAL;C:\Program Files\Redis\;C:\Program Files\TortoiseSVN\bin;D:\kafka\bin;C:\Users\Dell\AppData\Local\Microsoft\WindowsApps;C:\Users\Dell\AppData\Local\Programs\Git\cmd;C:\Users\Dell\AppData\Local\Programs\Git LFS;C:\Users\Dell\OneDrive - WAY2PROMO ADVERTISERS PRIVATE LIMITED\Desktop;
USERNAME=Dell
OS=Windows_NT
PROCESSOR_IDENTIFIER=Intel64 Family 6 Model 94 Stepping 3, GenuineIntel



---------------  S Y S T E M  ---------------

OS: Windows 10 , 64 bit Build 19041 (10.0.19041.3636)

CPU:total 8 (initial active 8) (4 cores per cpu, 2 threads per core) family 6 model 94 stepping 3, cmov, cx8, fxsr, mmx, sse, sse2, sse3, ssse3, sse4.1, sse4.2, popcnt, avx, avx2, aes, clmul, erms, rtm, 3dnowpref, lzcnt, ht, tsc, tscinvbit, bmi1, bmi2, adx

Memory: 4k page, physical 16402136k(2288736k free), swap 46097364k(20232k free)

vm_info: Java HotSpot(TM) 64-Bit Server VM (25.351-b10) for windows-amd64 JRE (1.8.0_351-b10), built on Sep 15 2022 02:58:06 by "java_re" with MS VC++ 15.9 (VS2017)

time: Sat Jun 15 13:06:47 2024
timezone: India Standard Time
elapsed time: 0.115464 seconds (0d 0h 0m 0s)

